{"filePath":"etcdv3/grpc_registry.go","level":"info","line":67,"msg":"解除续约成功","time":"2024-02-05 10:33:48"}
{"filePath":"etcdv3/grpc_registry.go","level":"info","line":67,"msg":"解除续约成功","time":"2024-02-05 10:35:13"}
{"filePath":"etcdv3/grpc_registry.go","level":"info","line":67,"msg":"解除续约成功","time":"2024-02-05 10:48:58"}
{"filePath":"etcdv3/grpc_registry.go","level":"info","line":67,"msg":"解除续约成功","time":"2024-02-05 10:50:10"}
{"filePath":"etcdv3/grpc_registry.go","level":"info","line":67,"msg":"解除续约成功","time":"2024-02-05 10:50:40"}
{"filePath":"etcdv3/grpc_registry.go","level":"info","line":67,"msg":"解除续约成功","time":"2024-02-05 10:55:52"}
{"filePath":"etcdv3/grpc_registry.go","level":"info","line":67,"msg":"解除续约成功","time":"2024-02-05 11:00:14"}
{"filePath":"etcdv3/grpc_registry.go","level":"info","line":67,"msg":"解除续约成功","time":"2024-02-05 11:00:59"}
{"filePath":"etcdv3/grpc_registry.go","level":"error","line":65,"msg":"解除续约失败:etcdserver: requested lease not found","time":"2024-02-05 11:02:38"}
{"filePath":"etcdv3/grpc_registry.go","level":"error","line":65,"msg":"解除续约失败:etcdserver: requested lease not found","time":"2024-02-05 11:02:49"}
{"filePath":"etcdv3/grpc_registry.go","level":"info","line":68,"msg":"解除续约成功","time":"2024-02-05 11:07:26"}
{"filePath":"etcdv3/grpc_registry.go","level":"info","line":68,"msg":"解除续约成功","time":"2024-02-05 11:08:09"}
{"filePath":"etcdv3/grpc_registry.go","level":"info","line":68,"msg":"解除续约成功","time":"2024-02-05 11:10:31"}
{"filePath":"etcdv3/grpc_registry.go","level":"info","line":72,"msg":"解除续约成功","time":"2024-02-05 11:12:12"}
{"filePath":"etcdv3/grpc_registry.go","level":"info","line":72,"msg":"解除续约成功","time":"2024-02-05 11:14:02"}
{"filePath":"etcdv3/grpc_registry.go","level":"info","line":68,"msg":"解除续约成功","time":"2024-02-05 11:18:26"}
{"filePath":"etcdv3/grpc_registry.go","level":"info","line":68,"msg":"解除续约成功","time":"2024-02-05 11:19:03"}
{"filePath":"etcdv3/grpc_registry.go","level":"info","line":68,"msg":"解除续约成功","time":"2024-02-05 11:19:10"}
{"filePath":"etcdv3/grpc_registry.go","level":"info","line":68,"msg":"解除续约成功","time":"2024-02-05 11:26:17"}
{"filePath":"etcdv3/grpc_registry.go","level":"info","line":68,"msg":"解除续约成功","time":"2024-02-05 11:26:34"}
{"filePath":"etcdv3/grpc_registry.go","level":"info","line":68,"msg":"解除续约成功","time":"2024-02-05 11:27:11"}
{"filePath":"etcdv3/grpc_registry.go","level":"info","line":68,"msg":"解除续约成功","time":"2024-02-05 11:27:22"}
{"filePath":"etcdv3/grpc_registry.go","level":"info","line":68,"msg":"解除续约成功","time":"2024-02-05 11:31:20"}
{"filePath":"etcdv3/grpc_registry.go","level":"info","line":68,"msg":"解除续约成功","time":"2024-02-05 11:31:26"}
{"filePath":"etcdv3/grpc_registry.go","level":"info","line":68,"msg":"解除续约成功","time":"2024-02-05 11:34:15"}
{"filePath":"etcdv3/grpc_registry.go","level":"info","line":68,"msg":"解除续约成功","time":"2024-02-05 13:22:00"}
{"filePath":"etcdv3/grpc_registry.go","level":"info","line":68,"msg":"解除续约成功","time":"2024-02-05 13:26:31"}
{"filePath":"etcdv3/grpc_registry.go","level":"info","line":68,"msg":"解除续约成功","time":"2024-02-05 13:33:16"}
{"filePath":"etcdv3/grpc_registry.go","level":"info","line":68,"msg":"解除续约成功","time":"2024-02-05 13:36:51"}
{"filePath":"etcdv3/grpc_registry.go","level":"info","line":68,"msg":"解除续约成功","time":"2024-02-05 13:40:12"}
{"filePath":"etcdv3/grpc_registry.go","level":"info","line":68,"msg":"解除续约成功","time":"2024-02-05 13:47:00"}
{"filePath":"etcdv3/grpc_registry.go","level":"info","line":68,"msg":"解除续约成功","time":"2024-02-05 13:50:31"}
{"filePath":"etcdv3/grpc_registry.go","level":"info","line":68,"msg":"解除续约成功","time":"2024-02-05 13:50:43"}
{"filePath":"etcdv3/grpc_registry.go","level":"info","line":68,"msg":"解除续约成功","time":"2024-02-05 13:52:59"}
{"filePath":"etcdv3/grpc_registry.go","level":"info","line":68,"msg":"解除续约成功","time":"2024-02-05 13:53:13"}
{"filePath":"etcdv3/grpc_registry.go","level":"info","line":68,"msg":"解除续约成功","time":"2024-02-05 14:00:16"}
{"filePath":"etcdv3/grpc_registry.go","level":"info","line":68,"msg":"解除续约成功","time":"2024-02-05 14:09:19"}
{"filePath":"etcdv3/grpc_registry.go","level":"info","line":68,"msg":"解除续约成功","time":"2024-02-05 14:21:19"}
{"filePath":"etcdv3/grpc_registry.go","level":"info","line":68,"msg":"解除续约成功","time":"2024-02-05 14:22:10"}
{"filePath":"etcdv3/grpc_registry.go","level":"info","line":68,"msg":"解除续约成功","time":"2024-02-05 14:22:21"}
{"filePath":"etcdv3/grpc_registry.go","level":"info","line":68,"msg":"解除续约成功","time":"2024-02-05 14:22:45"}
{"filePath":"etcdv3/grpc_registry.go","level":"info","line":68,"msg":"解除续约成功","time":"2024-02-05 14:23:01"}
{"filePath":"etcdv3/grpc_registry.go","level":"info","line":68,"msg":"解除续约成功","time":"2024-02-05 14:26:27"}
{"filePath":"etcdv3/grpc_registry.go","level":"info","line":68,"msg":"解除续约成功","time":"2024-02-05 14:27:58"}
{"filePath":"etcdv3/grpc_registry.go","level":"info","line":68,"msg":"解除续约成功","time":"2024-02-05 14:28:39"}
{"filePath":"etcdv3/grpc_registry.go","level":"info","line":68,"msg":"解除续约成功","time":"2024-02-05 14:32:34"}
{"filePath":"etcdv3/grpc_registry.go","level":"info","line":68,"msg":"解除续约成功","time":"2024-02-05 15:13:19"}
{"filePath":"etcdv3/grpc_registry.go","level":"info","line":68,"msg":"解除续约成功","time":"2024-02-05 15:48:06"}
{"filePath":"etcdv3/grpc_registry.go","level":"info","line":68,"msg":"解除续约成功","time":"2024-02-05 16:13:12"}
{"filePath":"etcdv3/grpc_resolver.go","level":"info","line":69,"msg":"更新可用服务信息,prefix:/etcd-v3/registry/default/schema/world/,[{Addr: \":8023\", ServerName: \"\", }]","time":"2024-02-05 16:14:53"}
{"filePath":"etcdv3/grpc_resolver.go","level":"info","line":93,"msg":"watch prefix:/etcd-v3/registry/default/schema/world/","time":"2024-02-05 16:14:53"}
{"filePath":"etcdv3/grpc_registry.go","level":"info","line":68,"msg":"解除续约成功","time":"2024-02-05 16:17:52"}
{"filePath":"etcdv3/grpc_resolver.go","level":"info","line":69,"msg":"更新可用服务信息,prefix:/etcd-v3/registry/default/schema/world/,[{Addr: \":8024\", ServerName: \"\", }]","time":"2024-02-05 16:17:58"}
{"filePath":"etcdv3/grpc_resolver.go","level":"info","line":93,"msg":"watch prefix:/etcd-v3/registry/default/schema/world/","time":"2024-02-05 16:17:58"}
{"filePath":"etcdv3/grpc_registry.go","level":"info","line":68,"msg":"解除续约成功","time":"2024-02-05 16:35:56"}
{"filePath":"etcdv3/grpc_registry.go","level":"info","line":68,"msg":"解除续约成功","time":"2024-02-05 16:41:03"}
{"filePath":"etcdv3/grpc_registry.go","level":"info","line":68,"msg":"解除续约成功","time":"2024-02-05 16:41:04"}
{"filePath":"etcdv3/grpc_registry.go","level":"info","line":68,"msg":"解除续约成功","time":"2024-02-05 16:45:04"}
{"filePath":"etcdv3/grpc_registry.go","level":"info","line":68,"msg":"解除续约成功","time":"2024-02-05 16:45:04"}
{"filePath":"etcdv3/grpc_resolver.go","level":"info","line":69,"msg":"更新可用服务信息,prefix:/etcd-v3/registry/default/schema/world/,[{Addr: \":8023\", ServerName: \"\", }]","time":"2024-02-05 16:45:51"}
{"filePath":"etcdv3/grpc_resolver.go","level":"info","line":93,"msg":"watch prefix:/etcd-v3/registry/default/schema/world/","time":"2024-02-05 16:45:51"}
{"filePath":"etcdv3/grpc_resolver.go","level":"info","line":69,"msg":"更新可用服务信息,prefix:/etcd-v3/registry/default/schema/world_rpc/,[{Addr: \":8024\", ServerName: \"\", }]","time":"2024-02-05 16:46:59"}
{"filePath":"etcdv3/grpc_resolver.go","level":"info","line":93,"msg":"watch prefix:/etcd-v3/registry/default/schema/world_rpc/","time":"2024-02-05 16:46:59"}
{"filePath":"etcdv3/grpc_registry.go","level":"info","line":68,"msg":"解除续约成功","time":"2024-02-05 16:47:02"}
{"filePath":"etcdv3/grpc_registry.go","level":"info","line":68,"msg":"解除续约成功","time":"2024-02-05 16:47:02"}
